Start testing: Aug 25 22:06 SE Asia Standard Time
----------------------------------------------------------
1/33 Testing: MiniAppSmoke
1/33 Test: MiniAppSmoke
Command: "D:/DEV/framework/build/examples/miniapp/Debug/framework_miniapp.exe"
Directory: D:/DEV/framework/build/examples/miniapp
"MiniAppSmoke" start time: Aug 25 22:06 SE Asia Standard Time
Output:
----------------------------------------------------------
[2026-08-25 22:06:18] [Debug] [Runtime.ModuleManager] Registering module: example
[2026-08-25 22:06:18] [Info] [Module:Example] Initializing
[2026-08-25 22:06:18] [Info] [Runtime] Runtime initialized
[2026-08-25 22:06:18] [Info] [Module:Example] Starting
[2026-08-25 22:06:18] [Info] [Application:Miniapp] Example module started
[2026-08-25 22:06:18] [Info] [Runtime] Runtime started
[2026-08-25 22:06:18] [Info] [Application:Miniapp] Application is running
[2026-08-25 22:06:18] [Info] [Module:Example] Stopping
[2026-08-25 22:06:18] [Info] [Application:Miniapp] Example module stopped
[2026-08-25 22:06:18] [Info] [Runtime] Runtime stopped
<end of output>
Test time =   0.02 sec
----------------------------------------------------------
Test Passed.
"MiniAppSmoke" end time: Aug 25 22:06 SE Asia Standard Time
"MiniAppSmoke" time elapsed: 00:00:00
----------------------------------------------------------

2/33 Testing: ErrorTest.PreservesCodeAndMessage
2/33 Test: ErrorTest.PreservesCodeAndMessage
Command: "D:/DEV/framework/build/tests/Debug/framework_core_tests.exe" "--gtest_filter=ErrorTest.PreservesCodeAndMessage" "--gtest_also_run_disabled_tests"
Directory: D:/DEV/framework/build/tests
"ErrorTest.PreservesCodeAndMessage" start time: Aug 25 22:06 SE Asia Standard Time
Output:
----------------------------------------------------------
Running main() from D:\DEV\framework\build\_deps\googletest-src\googletest\src\gtest_main.cc
Note: Google Test filter = ErrorTest.PreservesCodeAndMessage
[==========] Running 1 test from 1 test suite.
[----------] Global test environment set-up.
[----------] 1 test from ErrorTest
[ RUN      ] ErrorTest.PreservesCodeAndMessage
[       OK ] ErrorTest.PreservesCodeAndMessage (0 ms)
[----------] 1 test from ErrorTest (0 ms total)

[----------] Global test environment tear-down
[==========] 1 test from 1 test suite ran. (0 ms total)
[  PASSED  ] 1 test.
<end of output>
Test time =   0.02 sec
----------------------------------------------------------
Test Passed.
"ErrorTest.PreservesCodeAndMessage" end time: Aug 25 22:06 SE Asia Standard Time
"ErrorTest.PreservesCodeAndMessage" time elapsed: 00:00:00
----------------------------------------------------------

3/33 Testing: ErrorTest.CapturesSourceLocation
3/33 Test: ErrorTest.CapturesSourceLocation
Command: "D:/DEV/framework/build/tests/Debug/framework_core_tests.exe" "--gtest_filter=ErrorTest.CapturesSourceLocation" "--gtest_also_run_disabled_tests"
Directory: D:/DEV/framework/build/tests
"ErrorTest.CapturesSourceLocation" start time: Aug 25 22:06 SE Asia Standard Time
Output:
----------------------------------------------------------
Running main() from D:\DEV\framework\build\_deps\googletest-src\googletest\src\gtest_main.cc
Note: Google Test filter = ErrorTest.CapturesSourceLocation
[==========] Running 1 test from 1 test suite.
[----------] Global test environment set-up.
[----------] 1 test from ErrorTest
[ RUN      ] ErrorTest.CapturesSourceLocation
[       OK ] ErrorTest.CapturesSourceLocation (0 ms)
[----------] 1 test from ErrorTest (0 ms total)

[----------] Global test environment tear-down
[==========] 1 test from 1 test suite ran. (0 ms total)
[  PASSED  ] 1 test.
<end of output>
Test time =   0.02 sec
----------------------------------------------------------
Test Passed.
"ErrorTest.CapturesSourceLocation" end time: Aug 25 22:06 SE Asia Standard Time
"ErrorTest.CapturesSourceLocation" time elapsed: 00:00:00
----------------------------------------------------------

4/33 Testing: ResultTest.StoresValue
4/33 Test: ResultTest.StoresValue
Command: "D:/DEV/framework/build/tests/Debug/framework_core_tests.exe" "--gtest_filter=ResultTest.StoresValue" "--gtest_also_run_disabled_tests"
Directory: D:/DEV/framework/build/tests
"ResultTest.StoresValue" start time: Aug 25 22:06 SE Asia Standard Time
Output:
----------------------------------------------------------
Running main() from D:\DEV\framework\build\_deps\googletest-src\googletest\src\gtest_main.cc
Note: Google Test filter = ResultTest.StoresValue
[==========] Running 1 test from 1 test suite.
[----------] Global test environment set-up.
[----------] 1 test from ResultTest
[ RUN      ] ResultTest.StoresValue
[       OK ] ResultTest.StoresValue (0 ms)
[----------] 1 test from ResultTest (0 ms total)

[----------] Global test environment tear-down
[==========] 1 test from 1 test suite ran. (0 ms total)
[  PASSED  ] 1 test.
<end of output>
Test time =   0.02 sec
----------------------------------------------------------
Test Passed.
"ResultTest.StoresValue" end time: Aug 25 22:06 SE Asia Standard Time
"ResultTest.StoresValue" time elapsed: 00:00:00
----------------------------------------------------------

5/33 Testing: ResultTest.StoresError
5/33 Test: ResultTest.StoresError
Command: "D:/DEV/framework/build/tests/Debug/framework_core_tests.exe" "--gtest_filter=ResultTest.StoresError" "--gtest_also_run_disabled_tests"
Directory: D:/DEV/framework/build/tests
"ResultTest.StoresError" start time: Aug 25 22:06 SE Asia Standard Time
Output:
----------------------------------------------------------
Running main() from D:\DEV\framework\build\_deps\googletest-src\googletest\src\gtest_main.cc
Note: Google Test filter = ResultTest.StoresError
[==========] Running 1 test from 1 test suite.
[----------] Global test environment set-up.
[----------] 1 test from ResultTest
[ RUN      ] ResultTest.StoresError
[       OK ] ResultTest.StoresError (0 ms)
[----------] 1 test from ResultTest (0 ms total)

[----------] Global test environment tear-down
[==========] 1 test from 1 test suite ran. (0 ms total)
[  PASSED  ] 1 test.
<end of output>
Test time =   0.02 sec
----------------------------------------------------------
Test Passed.
"ResultTest.StoresError" end time: Aug 25 22:06 SE Asia Standard Time
"ResultTest.StoresError" time elapsed: 00:00:00
----------------------------------------------------------

6/33 Testing: ResultTest.SupportsMoveOnlyValue
6/33 Test: ResultTest.SupportsMoveOnlyValue
Command: "D:/DEV/framework/build/tests/Debug/framework_core_tests.exe" "--gtest_filter=ResultTest.SupportsMoveOnlyValue" "--gtest_also_run_disabled_tests"
Directory: D:/DEV/framework/build/tests
"ResultTest.SupportsMoveOnlyValue" start time: Aug 25 22:06 SE Asia Standard Time
Output:
----------------------------------------------------------
Running main() from D:\DEV\framework\build\_deps\googletest-src\googletest\src\gtest_main.cc
Note: Google Test filter = ResultTest.SupportsMoveOnlyValue
[==========] Running 1 test from 1 test suite.
[----------] Global test environment set-up.
[----------] 1 test from ResultTest
[ RUN      ] ResultTest.SupportsMoveOnlyValue
[       OK ] ResultTest.SupportsMoveOnlyValue (0 ms)
[----------] 1 test from ResultTest (0 ms total)

[----------] Global test environment tear-down
[==========] 1 test from 1 test suite ran. (0 ms total)
[  PASSED  ] 1 test.
<end of output>
Test time =   0.02 sec
----------------------------------------------------------
Test Passed.
"ResultTest.SupportsMoveOnlyValue" end time: Aug 25 22:06 SE Asia Standard Time
"ResultTest.SupportsMoveOnlyValue" time elapsed: 00:00:00
----------------------------------------------------------

7/33 Testing: ResultTest.VoidSuccessHasNoError
7/33 Test: ResultTest.VoidSuccessHasNoError
Command: "D:/DEV/framework/build/tests/Debug/framework_core_tests.exe" "--gtest_filter=ResultTest.VoidSuccessHasNoError" "--gtest_also_run_disabled_tests"
Directory: D:/DEV/framework/build/tests
"ResultTest.VoidSuccessHasNoError" start time: Aug 25 22:06 SE Asia Standard Time
Output:
----------------------------------------------------------
Running main() from D:\DEV\framework\build\_deps\googletest-src\googletest\src\gtest_main.cc
Note: Google Test filter = ResultTest.VoidSuccessHasNoError
[==========] Running 1 test from 1 test suite.
[----------] Global test environment set-up.
[----------] 1 test from ResultTest
[ RUN      ] ResultTest.VoidSuccessHasNoError
[       OK ] ResultTest.VoidSuccessHasNoError (0 ms)
[----------] 1 test from ResultTest (0 ms total)

[----------] Global test environment tear-down
[==========] 1 test from 1 test suite ran. (0 ms total)
[  PASSED  ] 1 test.
<end of output>
Test time =   0.02 sec
----------------------------------------------------------
Test Passed.
"ResultTest.VoidSuccessHasNoError" end time: Aug 25 22:06 SE Asia Standard Time
"ResultTest.VoidSuccessHasNoError" time elapsed: 00:00:00
----------------------------------------------------------

8/33 Testing: ResultTest.VoidFailureStoresError
8/33 Test: ResultTest.VoidFailureStoresError
Command: "D:/DEV/framework/build/tests/Debug/framework_core_tests.exe" "--gtest_filter=ResultTest.VoidFailureStoresError" "--gtest_also_run_disabled_tests"
Directory: D:/DEV/framework/build/tests
"ResultTest.VoidFailureStoresError" start time: Aug 25 22:06 SE Asia Standard Time
Output:
----------------------------------------------------------
Running main() from D:\DEV\framework\build\_deps\googletest-src\googletest\src\gtest_main.cc
Note: Google Test filter = ResultTest.VoidFailureStoresError
[==========] Running 1 test from 1 test suite.
[----------] Global test environment set-up.
[----------] 1 test from ResultTest
[ RUN      ] ResultTest.VoidFailureStoresError
[       OK ] ResultTest.VoidFailureStoresError (0 ms)
[----------] 1 test from ResultTest (0 ms total)

[----------] Global test environment tear-down
[==========] 1 test from 1 test suite ran. (0 ms total)
[  PASSED  ] 1 test.
<end of output>
Test time =   0.02 sec
----------------------------------------------------------
Test Passed.
"ResultTest.VoidFailureStoresError" end time: Aug 25 22:06 SE Asia Standard Time
"ResultTest.VoidFailureStoresError" time elapsed: 00:00:00
----------------------------------------------------------

9/33 Testing: RuntimeTest.ModuleWithoutDependenciesCanInitializeAndStart
9/33 Test: RuntimeTest.ModuleWithoutDependenciesCanInitializeAndStart
Command: "D:/DEV/framework/build/tests/Debug/framework_core_tests.exe" "--gtest_filter=RuntimeTest.ModuleWithoutDependenciesCanInitializeAndStart" "--gtest_also_run_disabled_tests"
Directory: D:/DEV/framework/build/tests
"RuntimeTest.ModuleWithoutDependenciesCanInitializeAndStart" start time: Aug 25 22:06 SE Asia Standard Time
Output:
----------------------------------------------------------
Running main() from D:\DEV\framework\build\_deps\googletest-src\googletest\src\gtest_main.cc
Note: Google Test filter = RuntimeTest.ModuleWithoutDependenciesCanInitializeAndStart
[==========] Running 1 test from 1 test suite.
[----------] Global test environment set-up.
[----------] 1 test from RuntimeTest
[ RUN      ] RuntimeTest.ModuleWithoutDependenciesCanInitializeAndStart
[       OK ] RuntimeTest.ModuleWithoutDependenciesCanInitializeAndStart (0 ms)
[----------] 1 test from RuntimeTest (0 ms total)

[----------] Global test environment tear-down
[==========] 1 test from 1 test suite ran. (0 ms total)
[  PASSED  ] 1 test.
<end of output>
Test time =   0.02 sec
----------------------------------------------------------
Test Passed.
"RuntimeTest.ModuleWithoutDependenciesCanInitializeAndStart" end time: Aug 25 22:06 SE Asia Standard Time
"RuntimeTest.ModuleWithoutDependenciesCanInitializeAndStart" time elapsed: 00:00:00
----------------------------------------------------------

10/33 Testing: RuntimeTest.DependenciesInitializeAndStartBeforeDependent
10/33 Test: RuntimeTest.DependenciesInitializeAndStartBeforeDependent
Command: "D:/DEV/framework/build/tests/Debug/framework_core_tests.exe" "--gtest_filter=RuntimeTest.DependenciesInitializeAndStartBeforeDependent" "--gtest_also_run_disabled_tests"
Directory: D:/DEV/framework/build/tests
"RuntimeTest.DependenciesInitializeAndStartBeforeDependent" start time: Aug 25 22:06 SE Asia Standard Time
Output:
----------------------------------------------------------
Running main() from D:\DEV\framework\build\_deps\googletest-src\googletest\src\gtest_main.cc
Note: Google Test filter = RuntimeTest.DependenciesInitializeAndStartBeforeDependent
[==========] Running 1 test from 1 test suite.
[----------] Global test environment set-up.
[----------] 1 test from RuntimeTest
[ RUN      ] RuntimeTest.DependenciesInitializeAndStartBeforeDependent
[       OK ] RuntimeTest.DependenciesInitializeAndStartBeforeDependent (0 ms)
[----------] 1 test from RuntimeTest (0 ms total)

[----------] Global test environment tear-down
[==========] 1 test from 1 test suite ran. (0 ms total)
[  PASSED  ] 1 test.
<end of output>
Test time =   0.02 sec
----------------------------------------------------------
Test Passed.
"RuntimeTest.DependenciesInitializeAndStartBeforeDependent" end time: Aug 25 22:06 SE Asia Standard Time
"RuntimeTest.DependenciesInitializeAndStartBeforeDependent" time elapsed: 00:00:00
----------------------------------------------------------

11/33 Testing: RuntimeTest.CircularDependencyIsRejected
11/33 Test: RuntimeTest.CircularDependencyIsRejected
Command: "D:/DEV/framework/build/tests/Debug/framework_core_tests.exe" "--gtest_filter=RuntimeTest.CircularDependencyIsRejected" "--gtest_also_run_disabled_tests"
Directory: D:/DEV/framework/build/tests
"RuntimeTest.CircularDependencyIsRejected" start time: Aug 25 22:06 SE Asia Standard Time
Output:
----------------------------------------------------------
Running main() from D:\DEV\framework\build\_deps\googletest-src\googletest\src\gtest_main.cc
Note: Google Test filter = RuntimeTest.CircularDependencyIsRejected
[==========] Running 1 test from 1 test suite.
[----------] Global test environment set-up.
[----------] 1 test from RuntimeTest
[ RUN      ] RuntimeTest.CircularDependencyIsRejected
[       OK ] RuntimeTest.CircularDependencyIsRejected (0 ms)
[----------] 1 test from RuntimeTest (0 ms total)

[----------] Global test environment tear-down
[==========] 1 test from 1 test suite ran. (0 ms total)
[  PASSED  ] 1 test.
<end of output>
Test time =   0.02 sec
----------------------------------------------------------
Test Passed.
"RuntimeTest.CircularDependencyIsRejected" end time: Aug 25 22:06 SE Asia Standard Time
"RuntimeTest.CircularDependencyIsRejected" time elapsed: 00:00:00
----------------------------------------------------------

12/33 Testing: RuntimeTest.MissingDependencyIsRejected
12/33 Test: RuntimeTest.MissingDependencyIsRejected
Command: "D:/DEV/framework/build/tests/Debug/framework_core_tests.exe" "--gtest_filter=RuntimeTest.MissingDependencyIsRejected" "--gtest_also_run_disabled_tests"
Directory: D:/DEV/framework/build/tests
"RuntimeTest.MissingDependencyIsRejected" start time: Aug 25 22:06 SE Asia Standard Time
Output:
----------------------------------------------------------
Running main() from D:\DEV\framework\build\_deps\googletest-src\googletest\src\gtest_main.cc
Note: Google Test filter = RuntimeTest.MissingDependencyIsRejected
[==========] Running 1 test from 1 test suite.
[----------] Global test environment set-up.
[----------] 1 test from RuntimeTest
[ RUN      ] RuntimeTest.MissingDependencyIsRejected
[       OK ] RuntimeTest.MissingDependencyIsRejected (0 ms)
[----------] 1 test from RuntimeTest (0 ms total)

[----------] Global test environment tear-down
[==========] 1 test from 1 test suite ran. (0 ms total)
[  PASSED  ] 1 test.
<end of output>
Test time =   0.02 sec
----------------------------------------------------------
Test Passed.
"RuntimeTest.MissingDependencyIsRejected" end time: Aug 25 22:06 SE Asia Standard Time
"RuntimeTest.MissingDependencyIsRejected" time elapsed: 00:00:00
----------------------------------------------------------

13/33 Testing: RuntimeTest.FailedStartRollsBackModulesAlreadyStarted
13/33 Test: RuntimeTest.FailedStartRollsBackModulesAlreadyStarted
Command: "D:/DEV/framework/build/tests/Debug/framework_core_tests.exe" "--gtest_filter=RuntimeTest.FailedStartRollsBackModulesAlreadyStarted" "--gtest_also_run_disabled_tests"
Directory: D:/DEV/framework/build/tests
"RuntimeTest.FailedStartRollsBackModulesAlreadyStarted" start time: Aug 25 22:06 SE Asia Standard Time
Output:
----------------------------------------------------------
Running main() from D:\DEV\framework\build\_deps\googletest-src\googletest\src\gtest_main.cc
Note: Google Test filter = RuntimeTest.FailedStartRollsBackModulesAlreadyStarted
[==========] Running 1 test from 1 test suite.
[----------] Global test environment set-up.
[----------] 1 test from RuntimeTest
[ RUN      ] RuntimeTest.FailedStartRollsBackModulesAlreadyStarted
[       OK ] RuntimeTest.FailedStartRollsBackModulesAlreadyStarted (0 ms)
[----------] 1 test from RuntimeTest (0 ms total)

[----------] Global test environment tear-down
[==========] 1 test from 1 test suite ran. (1 ms total)
[  PASSED  ] 1 test.
<end of output>
Test time =   0.02 sec
----------------------------------------------------------
Test Passed.
"RuntimeTest.FailedStartRollsBackModulesAlreadyStarted" end time: Aug 25 22:06 SE Asia Standard Time
"RuntimeTest.FailedStartRollsBackModulesAlreadyStarted" time elapsed: 00:00:00
----------------------------------------------------------

14/33 Testing: RuntimeTest.StopUsesReverseDependencyOrder
14/33 Test: RuntimeTest.StopUsesReverseDependencyOrder
Command: "D:/DEV/framework/build/tests/Debug/framework_core_tests.exe" "--gtest_filter=RuntimeTest.StopUsesReverseDependencyOrder" "--gtest_also_run_disabled_tests"
Directory: D:/DEV/framework/build/tests
"RuntimeTest.StopUsesReverseDependencyOrder" start time: Aug 25 22:06 SE Asia Standard Time
Output:
----------------------------------------------------------
Running main() from D:\DEV\framework\build\_deps\googletest-src\googletest\src\gtest_main.cc
Note: Google Test filter = RuntimeTest.StopUsesReverseDependencyOrder
[==========] Running 1 test from 1 test suite.
[----------] Global test environment set-up.
[----------] 1 test from RuntimeTest
[ RUN      ] RuntimeTest.StopUsesReverseDependencyOrder
[       OK ] RuntimeTest.StopUsesReverseDependencyOrder (0 ms)
[----------] 1 test from RuntimeTest (0 ms total)

[----------] Global test environment tear-down
[==========] 1 test from 1 test suite ran. (0 ms total)
[  PASSED  ] 1 test.
<end of output>
Test time =   0.03 sec
----------------------------------------------------------
Test Passed.
"RuntimeTest.StopUsesReverseDependencyOrder" end time: Aug 25 22:06 SE Asia Standard Time
"RuntimeTest.StopUsesReverseDependencyOrder" time elapsed: 00:00:00
----------------------------------------------------------

15/33 Testing: RuntimeTest.InvalidLifecycleStateIsRejected
15/33 Test: RuntimeTest.InvalidLifecycleStateIsRejected
Command: "D:/DEV/framework/build/tests/Debug/framework_core_tests.exe" "--gtest_filter=RuntimeTest.InvalidLifecycleStateIsRejected" "--gtest_also_run_disabled_tests"
Directory: D:/DEV/framework/build/tests
"RuntimeTest.InvalidLifecycleStateIsRejected" start time: Aug 25 22:06 SE Asia Standard Time
Output:
----------------------------------------------------------
Running main() from D:\DEV\framework\build\_deps\googletest-src\googletest\src\gtest_main.cc
Note: Google Test filter = RuntimeTest.InvalidLifecycleStateIsRejected
[==========] Running 1 test from 1 test suite.
[----------] Global test environment set-up.
[----------] 1 test from RuntimeTest
[ RUN      ] RuntimeTest.InvalidLifecycleStateIsRejected
[       OK ] RuntimeTest.InvalidLifecycleStateIsRejected (0 ms)
[----------] 1 test from RuntimeTest (0 ms total)

[----------] Global test environment tear-down
[==========] 1 test from 1 test suite ran. (0 ms total)
[  PASSED  ] 1 test.
<end of output>
Test time =   0.02 sec
----------------------------------------------------------
Test Passed.
"RuntimeTest.InvalidLifecycleStateIsRejected" end time: Aug 25 22:06 SE Asia Standard Time
"RuntimeTest.InvalidLifecycleStateIsRejected" time elapsed: 00:00:00
----------------------------------------------------------

16/33 Testing: RuntimeTest.LifecycleTransitionContractAcceptsOnlyValidStates
16/33 Test: RuntimeTest.LifecycleTransitionContractAcceptsOnlyValidStates
Command: "D:/DEV/framework/build/tests/Debug/framework_core_tests.exe" "--gtest_filter=RuntimeTest.LifecycleTransitionContractAcceptsOnlyValidStates" "--gtest_also_run_disabled_tests"
Directory: D:/DEV/framework/build/tests
"RuntimeTest.LifecycleTransitionContractAcceptsOnlyValidStates" start time: Aug 25 22:06 SE Asia Standard Time
Output:
----------------------------------------------------------
Running main() from D:\DEV\framework\build\_deps\googletest-src\googletest\src\gtest_main.cc
Note: Google Test filter = RuntimeTest.LifecycleTransitionContractAcceptsOnlyValidStates
[==========] Running 1 test from 1 test suite.
[----------] Global test environment set-up.
[----------] 1 test from RuntimeTest
[ RUN      ] RuntimeTest.LifecycleTransitionContractAcceptsOnlyValidStates
[       OK ] RuntimeTest.LifecycleTransitionContractAcceptsOnlyValidStates (0 ms)
[----------] 1 test from RuntimeTest (0 ms total)

[----------] Global test environment tear-down
[==========] 1 test from 1 test suite ran. (0 ms total)
[  PASSED  ] 1 test.
<end of output>
Test time =   0.02 sec
----------------------------------------------------------
Test Passed.
"RuntimeTest.LifecycleTransitionContractAcceptsOnlyValidStates" end time: Aug 25 22:06 SE Asia Standard Time
"RuntimeTest.LifecycleTransitionContractAcceptsOnlyValidStates" time elapsed: 00:00:00
----------------------------------------------------------

17/33 Testing: RuntimeTest.RuntimeContextProvidesNonOwningRuntimeServices
17/33 Test: RuntimeTest.RuntimeContextProvidesNonOwningRuntimeServices
Command: "D:/DEV/framework/build/tests/Debug/framework_core_tests.exe" "--gtest_filter=RuntimeTest.RuntimeContextProvidesNonOwningRuntimeServices" "--gtest_also_run_disabled_tests"
Directory: D:/DEV/framework/build/tests
"RuntimeTest.RuntimeContextProvidesNonOwningRuntimeServices" start time: Aug 25 22:06 SE Asia Standard Time
Output:
----------------------------------------------------------
Running main() from D:\DEV\framework\build\_deps\googletest-src\googletest\src\gtest_main.cc
Note: Google Test filter = RuntimeTest.RuntimeContextProvidesNonOwningRuntimeServices
[==========] Running 1 test from 1 test suite.
[----------] Global test environment set-up.
[----------] 1 test from RuntimeTest
[ RUN      ] RuntimeTest.RuntimeContextProvidesNonOwningRuntimeServices
[       OK ] RuntimeTest.RuntimeContextProvidesNonOwningRuntimeServices (0 ms)
[----------] 1 test from RuntimeTest (0 ms total)

[----------] Global test environment tear-down
[==========] 1 test from 1 test suite ran. (0 ms total)
[  PASSED  ] 1 test.
<end of output>
Test time =   0.02 sec
----------------------------------------------------------
Test Passed.
"RuntimeTest.RuntimeContextProvidesNonOwningRuntimeServices" end time: Aug 25 22:06 SE Asia Standard Time
"RuntimeTest.RuntimeContextProvidesNonOwningRuntimeServices" time elapsed: 00:00:00
----------------------------------------------------------

18/33 Testing: RuntimeTest.DuplicateModuleIdIsRejected
18/33 Test: RuntimeTest.DuplicateModuleIdIsRejected
Command: "D:/DEV/framework/build/tests/Debug/framework_core_tests.exe" "--gtest_filter=RuntimeTest.DuplicateModuleIdIsRejected" "--gtest_also_run_disabled_tests"
Directory: D:/DEV/framework/build/tests
"RuntimeTest.DuplicateModuleIdIsRejected" start time: Aug 25 22:06 SE Asia Standard Time
Output:
----------------------------------------------------------
Running main() from D:\DEV\framework\build\_deps\googletest-src\googletest\src\gtest_main.cc
Note: Google Test filter = RuntimeTest.DuplicateModuleIdIsRejected
[==========] Running 1 test from 1 test suite.
[----------] Global test environment set-up.
[----------] 1 test from RuntimeTest
[ RUN      ] RuntimeTest.DuplicateModuleIdIsRejected
[       OK ] RuntimeTest.DuplicateModuleIdIsRejected (0 ms)
[----------] 1 test from RuntimeTest (0 ms total)

[----------] Global test environment tear-down
[==========] 1 test from 1 test suite ran. (0 ms total)
[  PASSED  ] 1 test.
<end of output>
Test time =   0.02 sec
----------------------------------------------------------
Test Passed.
"RuntimeTest.DuplicateModuleIdIsRejected" end time: Aug 25 22:06 SE Asia Standard Time
"RuntimeTest.DuplicateModuleIdIsRejected" time elapsed: 00:00:00
----------------------------------------------------------

19/33 Testing: RuntimeTest.ExampleModuleFollowsCompleteLifecycle
19/33 Test: RuntimeTest.ExampleModuleFollowsCompleteLifecycle
Command: "D:/DEV/framework/build/tests/Debug/framework_core_tests.exe" "--gtest_filter=RuntimeTest.ExampleModuleFollowsCompleteLifecycle" "--gtest_also_run_disabled_tests"
Directory: D:/DEV/framework/build/tests
"RuntimeTest.ExampleModuleFollowsCompleteLifecycle" start time: Aug 25 22:06 SE Asia Standard Time
Output:
----------------------------------------------------------
Running main() from D:\DEV\framework\build\_deps\googletest-src\googletest\src\gtest_main.cc
Note: Google Test filter = RuntimeTest.ExampleModuleFollowsCompleteLifecycle
[==========] Running 1 test from 1 test suite.
[----------] Global test environment set-up.
[----------] 1 test from RuntimeTest
[ RUN      ] RuntimeTest.ExampleModuleFollowsCompleteLifecycle
[       OK ] RuntimeTest.ExampleModuleFollowsCompleteLifecycle (0 ms)
[----------] 1 test from RuntimeTest (1 ms total)

[----------] Global test environment tear-down
[==========] 1 test from 1 test suite ran. (1 ms total)
[  PASSED  ] 1 test.
<end of output>
Test time =   0.02 sec
----------------------------------------------------------
Test Passed.
"RuntimeTest.ExampleModuleFollowsCompleteLifecycle" end time: Aug 25 22:06 SE Asia Standard Time
"RuntimeTest.ExampleModuleFollowsCompleteLifecycle" time elapsed: 00:00:00
----------------------------------------------------------

20/33 Testing: RuntimeTest.ExampleModuleUsesLoggerAndEventBusServices
20/33 Test: RuntimeTest.ExampleModuleUsesLoggerAndEventBusServices
Command: "D:/DEV/framework/build/tests/Debug/framework_core_tests.exe" "--gtest_filter=RuntimeTest.ExampleModuleUsesLoggerAndEventBusServices" "--gtest_also_run_disabled_tests"
Directory: D:/DEV/framework/build/tests
"RuntimeTest.ExampleModuleUsesLoggerAndEventBusServices" start time: Aug 25 22:06 SE Asia Standard Time
Output:
----------------------------------------------------------
Running main() from D:\DEV\framework\build\_deps\googletest-src\googletest\src\gtest_main.cc
Note: Google Test filter = RuntimeTest.ExampleModuleUsesLoggerAndEventBusServices
[==========] Running 1 test from 1 test suite.
[----------] Global test environment set-up.
[----------] 1 test from RuntimeTest
[ RUN      ] RuntimeTest.ExampleModuleUsesLoggerAndEventBusServices
[       OK ] RuntimeTest.ExampleModuleUsesLoggerAndEventBusServices (0 ms)
[----------] 1 test from RuntimeTest (0 ms total)

[----------] Global test environment tear-down
[==========] 1 test from 1 test suite ran. (0 ms total)
[  PASSED  ] 1 test.
<end of output>
Test time =   0.02 sec
----------------------------------------------------------
Test Passed.
"RuntimeTest.ExampleModuleUsesLoggerAndEventBusServices" end time: Aug 25 22:06 SE Asia Standard Time
"RuntimeTest.ExampleModuleUsesLoggerAndEventBusServices" time elapsed: 00:00:00
----------------------------------------------------------

21/33 Testing: PluginLoaderTest.LoadsValidPluginAndOwnsModuleLifetime
21/33 Test: PluginLoaderTest.LoadsValidPluginAndOwnsModuleLifetime
Command: "D:/DEV/framework/build/tests/Debug/framework_core_tests.exe" "--gtest_filter=PluginLoaderTest.LoadsValidPluginAndOwnsModuleLifetime" "--gtest_also_run_disabled_tests"
Directory: D:/DEV/framework/build/tests
"PluginLoaderTest.LoadsValidPluginAndOwnsModuleLifetime" start time: Aug 25 22:06 SE Asia Standard Time
Output:
----------------------------------------------------------
Running main() from D:\DEV\framework\build\_deps\googletest-src\googletest\src\gtest_main.cc
Note: Google Test filter = PluginLoaderTest.LoadsValidPluginAndOwnsModuleLifetime
[==========] Running 1 test from 1 test suite.
[----------] Global test environment set-up.
[----------] 1 test from PluginLoaderTest
[ RUN      ] PluginLoaderTest.LoadsValidPluginAndOwnsModuleLifetime
[       OK ] PluginLoaderTest.LoadsValidPluginAndOwnsModuleLifetime (1 ms)
[----------] 1 test from PluginLoaderTest (1 ms total)

[----------] Global test environment tear-down
[==========] 1 test from 1 test suite ran. (1 ms total)
[  PASSED  ] 1 test.
<end of output>
Test time =   0.03 sec
----------------------------------------------------------
Test Passed.
"PluginLoaderTest.LoadsValidPluginAndOwnsModuleLifetime" end time: Aug 25 22:06 SE Asia Standard Time
"PluginLoaderTest.LoadsValidPluginAndOwnsModuleLifetime" time elapsed: 00:00:00
----------------------------------------------------------

22/33 Testing: PluginLoaderTest.RejectsMissingPlugin
22/33 Test: PluginLoaderTest.RejectsMissingPlugin
Command: "D:/DEV/framework/build/tests/Debug/framework_core_tests.exe" "--gtest_filter=PluginLoaderTest.RejectsMissingPlugin" "--gtest_also_run_disabled_tests"
Directory: D:/DEV/framework/build/tests
"PluginLoaderTest.RejectsMissingPlugin" start time: Aug 25 22:06 SE Asia Standard Time
Output:
----------------------------------------------------------
Running main() from D:\DEV\framework\build\_deps\googletest-src\googletest\src\gtest_main.cc
Note: Google Test filter = PluginLoaderTest.RejectsMissingPlugin
[==========] Running 1 test from 1 test suite.
[----------] Global test environment set-up.
[----------] 1 test from PluginLoaderTest
[ RUN      ] PluginLoaderTest.RejectsMissingPlugin
[       OK ] PluginLoaderTest.RejectsMissingPlugin (1 ms)
[----------] 1 test from PluginLoaderTest (1 ms total)

[----------] Global test environment tear-down
[==========] 1 test from 1 test suite ran. (1 ms total)
[  PASSED  ] 1 test.
<end of output>
Test time =   0.02 sec
----------------------------------------------------------
Test Passed.
"PluginLoaderTest.RejectsMissingPlugin" end time: Aug 25 22:06 SE Asia Standard Time
"PluginLoaderTest.RejectsMissingPlugin" time elapsed: 00:00:00
----------------------------------------------------------

23/33 Testing: PluginLoaderTest.RejectsIncompatibleApiVersion
23/33 Test: PluginLoaderTest.RejectsIncompatibleApiVersion
Command: "D:/DEV/framework/build/tests/Debug/framework_core_tests.exe" "--gtest_filter=PluginLoaderTest.RejectsIncompatibleApiVersion" "--gtest_also_run_disabled_tests"
Directory: D:/DEV/framework/build/tests
"PluginLoaderTest.RejectsIncompatibleApiVersion" start time: Aug 25 22:06 SE Asia Standard Time
Output:
----------------------------------------------------------
Running main() from D:\DEV\framework\build\_deps\googletest-src\googletest\src\gtest_main.cc
Note: Google Test filter = PluginLoaderTest.RejectsIncompatibleApiVersion
[==========] Running 1 test from 1 test suite.
[----------] Global test environment set-up.
[----------] 1 test from PluginLoaderTest
[ RUN      ] PluginLoaderTest.RejectsIncompatibleApiVersion
[       OK ] PluginLoaderTest.RejectsIncompatibleApiVersion (1 ms)
[----------] 1 test from PluginLoaderTest (1 ms total)

[----------] Global test environment tear-down
[==========] 1 test from 1 test suite ran. (1 ms total)
[  PASSED  ] 1 test.
<end of output>
Test time =   0.02 sec
----------------------------------------------------------
Test Passed.
"PluginLoaderTest.RejectsIncompatibleApiVersion" end time: Aug 25 22:06 SE Asia Standard Time
"PluginLoaderTest.RejectsIncompatibleApiVersion" time elapsed: 00:00:00
----------------------------------------------------------

24/33 Testing: PluginLoaderTest.RejectsIncompatibleAbiVersion
24/33 Test: PluginLoaderTest.RejectsIncompatibleAbiVersion
Command: "D:/DEV/framework/build/tests/Debug/framework_core_tests.exe" "--gtest_filter=PluginLoaderTest.RejectsIncompatibleAbiVersion" "--gtest_also_run_disabled_tests"
Directory: D:/DEV/framework/build/tests
"PluginLoaderTest.RejectsIncompatibleAbiVersion" start time: Aug 25 22:06 SE Asia Standard Time
Output:
----------------------------------------------------------
Running main() from D:\DEV\framework\build\_deps\googletest-src\googletest\src\gtest_main.cc
Note: Google Test filter = PluginLoaderTest.RejectsIncompatibleAbiVersion
[==========] Running 1 test from 1 test suite.
[----------] Global test environment set-up.
[----------] 1 test from PluginLoaderTest
[ RUN      ] PluginLoaderTest.RejectsIncompatibleAbiVersion
[       OK ] PluginLoaderTest.RejectsIncompatibleAbiVersion (0 ms)
[----------] 1 test from PluginLoaderTest (0 ms total)

[----------] Global test environment tear-down
[==========] 1 test from 1 test suite ran. (1 ms total)
[  PASSED  ] 1 test.
<end of output>
Test time =   0.02 sec
----------------------------------------------------------
Test Passed.
"PluginLoaderTest.RejectsIncompatibleAbiVersion" end time: Aug 25 22:06 SE Asia Standard Time
"PluginLoaderTest.RejectsIncompatibleAbiVersion" time elapsed: 00:00:00
----------------------------------------------------------

25/33 Testing: PluginLoaderTest.RegistersLoadedPluginWithModuleManager
25/33 Test: PluginLoaderTest.RegistersLoadedPluginWithModuleManager
Command: "D:/DEV/framework/build/tests/Debug/framework_core_tests.exe" "--gtest_filter=PluginLoaderTest.RegistersLoadedPluginWithModuleManager" "--gtest_also_run_disabled_tests"
Directory: D:/DEV/framework/build/tests
"PluginLoaderTest.RegistersLoadedPluginWithModuleManager" start time: Aug 25 22:06 SE Asia Standard Time
Output:
----------------------------------------------------------
Running main() from D:\DEV\framework\build\_deps\googletest-src\googletest\src\gtest_main.cc
Note: Google Test filter = PluginLoaderTest.RegistersLoadedPluginWithModuleManager
[==========] Running 1 test from 1 test suite.
[----------] Global test environment set-up.
[----------] 1 test from PluginLoaderTest
[ RUN      ] PluginLoaderTest.RegistersLoadedPluginWithModuleManager
[2026-08-25 22:06:18] [Debug] [Runtime.ModuleManager] Registering plugin module: example.plugin
[       OK ] PluginLoaderTest.RegistersLoadedPluginWithModuleManager (1 ms)
[----------] 1 test from PluginLoaderTest (1 ms total)

[----------] Global test environment tear-down
[==========] 1 test from 1 test suite ran. (2 ms total)
[  PASSED  ] 1 test.
<end of output>
Test time =   0.02 sec
----------------------------------------------------------
Test Passed.
"PluginLoaderTest.RegistersLoadedPluginWithModuleManager" end time: Aug 25 22:06 SE Asia Standard Time
"PluginLoaderTest.RegistersLoadedPluginWithModuleManager" time elapsed: 00:00:00
----------------------------------------------------------

26/33 Testing: PluginLoaderTest.UnloadsPluginAfterStoppingItsModule
26/33 Test: PluginLoaderTest.UnloadsPluginAfterStoppingItsModule
Command: "D:/DEV/framework/build/tests/Debug/framework_core_tests.exe" "--gtest_filter=PluginLoaderTest.UnloadsPluginAfterStoppingItsModule" "--gtest_also_run_disabled_tests"
Directory: D:/DEV/framework/build/tests
"PluginLoaderTest.UnloadsPluginAfterStoppingItsModule" start time: Aug 25 22:06 SE Asia Standard Time
Output:
----------------------------------------------------------
Running main() from D:\DEV\framework\build\_deps\googletest-src\googletest\src\gtest_main.cc
Note: Google Test filter = PluginLoaderTest.UnloadsPluginAfterStoppingItsModule
[==========] Running 1 test from 1 test suite.
[----------] Global test environment set-up.
[----------] 1 test from PluginLoaderTest
[ RUN      ] PluginLoaderTest.UnloadsPluginAfterStoppingItsModule
[2026-08-25 22:06:18] [Debug] [Runtime.ModuleManager] Registering plugin module: example.plugin
[2026-08-25 22:06:18] [Debug] [Runtime.ModuleManager] Unloading plugin module: example.plugin
[       OK ] PluginLoaderTest.UnloadsPluginAfterStoppingItsModule (1 ms)
[----------] 1 test from PluginLoaderTest (1 ms total)

[----------] Global test environment tear-down
[==========] 1 test from 1 test suite ran. (2 ms total)
[  PASSED  ] 1 test.
<end of output>
Test time =   0.02 sec
----------------------------------------------------------
Test Passed.
"PluginLoaderTest.UnloadsPluginAfterStoppingItsModule" end time: Aug 25 22:06 SE Asia Standard Time
"PluginLoaderTest.UnloadsPluginAfterStoppingItsModule" time elapsed: 00:00:00
----------------------------------------------------------

27/33 Testing: CoreIntegrationTest.PublicTypesComposeWithoutUpperLayers
27/33 Test: CoreIntegrationTest.PublicTypesComposeWithoutUpperLayers
Command: "D:/DEV/framework/build/tests/Debug/framework_core_tests.exe" "--gtest_filter=CoreIntegrationTest.PublicTypesComposeWithoutUpperLayers" "--gtest_also_run_disabled_tests"
Directory: D:/DEV/framework/build/tests
"CoreIntegrationTest.PublicTypesComposeWithoutUpperLayers" start time: Aug 25 22:06 SE Asia Standard Time
Output:
----------------------------------------------------------
Running main() from D:\DEV\framework\build\_deps\googletest-src\googletest\src\gtest_main.cc
Note: Google Test filter = CoreIntegrationTest.PublicTypesComposeWithoutUpperLayers
[==========] Running 1 test from 1 test suite.
[----------] Global test environment set-up.
[----------] 1 test from CoreIntegrationTest
[ RUN      ] CoreIntegrationTest.PublicTypesComposeWithoutUpperLayers
[       OK ] CoreIntegrationTest.PublicTypesComposeWithoutUpperLayers (0 ms)
[----------] 1 test from CoreIntegrationTest (0 ms total)

[----------] Global test environment tear-down
[==========] 1 test from 1 test suite ran. (0 ms total)
[  PASSED  ] 1 test.
<end of output>
Test time =   0.02 sec
----------------------------------------------------------
Test Passed.
"CoreIntegrationTest.PublicTypesComposeWithoutUpperLayers" end time: Aug 25 22:06 SE Asia Standard Time
"CoreIntegrationTest.PublicTypesComposeWithoutUpperLayers" time elapsed: 00:00:00
----------------------------------------------------------

28/33 Testing: LifetimeIntegrationTest.EventSubscriptionIsRemovedWhenModuleIsDestroyed
28/33 Test: LifetimeIntegrationTest.EventSubscriptionIsRemovedWhenModuleIsDestroyed
Command: "D:/DEV/framework/build/tests/Debug/framework_core_tests.exe" "--gtest_filter=LifetimeIntegrationTest.EventSubscriptionIsRemovedWhenModuleIsDestroyed" "--gtest_also_run_disabled_tests"
Directory: D:/DEV/framework/build/tests
"LifetimeIntegrationTest.EventSubscriptionIsRemovedWhenModuleIsDestroyed" start time: Aug 25 22:06 SE Asia Standard Time
Output:
----------------------------------------------------------
Running main() from D:\DEV\framework\build\_deps\googletest-src\googletest\src\gtest_main.cc
Note: Google Test filter = LifetimeIntegrationTest.EventSubscriptionIsRemovedWhenModuleIsDestroyed
[==========] Running 1 test from 1 test suite.
[----------] Global test environment set-up.
[----------] 1 test from LifetimeIntegrationTest
[ RUN      ] LifetimeIntegrationTest.EventSubscriptionIsRemovedWhenModuleIsDestroyed
[       OK ] LifetimeIntegrationTest.EventSubscriptionIsRemovedWhenModuleIsDestroyed (0 ms)
[----------] 1 test from LifetimeIntegrationTest (0 ms total)

[----------] Global test environment tear-down
[==========] 1 test from 1 test suite ran. (0 ms total)
[  PASSED  ] 1 test.
<end of output>
Test time =   0.02 sec
----------------------------------------------------------
Test Passed.
"LifetimeIntegrationTest.EventSubscriptionIsRemovedWhenModuleIsDestroyed" end time: Aug 25 22:06 SE Asia Standard Time
"LifetimeIntegrationTest.EventSubscriptionIsRemovedWhenModuleIsDestroyed" time elapsed: 00:00:00
----------------------------------------------------------

29/33 Testing: LifetimeIntegrationTest.RuntimeStopUnloadsRegisteredPlugin
29/33 Test: LifetimeIntegrationTest.RuntimeStopUnloadsRegisteredPlugin
Command: "D:/DEV/framework/build/tests/Debug/framework_core_tests.exe" "--gtest_filter=LifetimeIntegrationTest.RuntimeStopUnloadsRegisteredPlugin" "--gtest_also_run_disabled_tests"
Directory: D:/DEV/framework/build/tests
"LifetimeIntegrationTest.RuntimeStopUnloadsRegisteredPlugin" start time: Aug 25 22:06 SE Asia Standard Time
Output:
----------------------------------------------------------
Running main() from D:\DEV\framework\build\_deps\googletest-src\googletest\src\gtest_main.cc
Note: Google Test filter = LifetimeIntegrationTest.RuntimeStopUnloadsRegisteredPlugin
[==========] Running 1 test from 1 test suite.
[----------] Global test environment set-up.
[----------] 1 test from LifetimeIntegrationTest
[ RUN      ] LifetimeIntegrationTest.RuntimeStopUnloadsRegisteredPlugin
[2026-08-25 22:06:19] [Debug] [Runtime.ModuleManager] Registering plugin module: example.plugin
[2026-08-25 22:06:19] [Info] [Runtime] Runtime initialized
[2026-08-25 22:06:19] [Info] [Runtime] Runtime started
[2026-08-25 22:06:19] [Debug] [Runtime.ModuleManager] Unloading plugin module: example.plugin
[2026-08-25 22:06:19] [Info] [Runtime] Runtime stopped
[       OK ] LifetimeIntegrationTest.RuntimeStopUnloadsRegisteredPlugin (1 ms)
[----------] 1 test from LifetimeIntegrationTest (1 ms total)

[----------] Global test environment tear-down
[==========] 1 test from 1 test suite ran. (2 ms total)
[  PASSED  ] 1 test.
<end of output>
Test time =   0.02 sec
----------------------------------------------------------
Test Passed.
"LifetimeIntegrationTest.RuntimeStopUnloadsRegisteredPlugin" end time: Aug 25 22:06 SE Asia Standard Time
"LifetimeIntegrationTest.RuntimeStopUnloadsRegisteredPlugin" time elapsed: 00:00:00
----------------------------------------------------------

30/33 Testing: ApplicationIntegrationTest.RunsAndReturnsApplicationExitCode
30/33 Test: ApplicationIntegrationTest.RunsAndReturnsApplicationExitCode
Command: "D:/DEV/framework/build/tests/Debug/framework_core_tests.exe" "--gtest_filter=ApplicationIntegrationTest.RunsAndReturnsApplicationExitCode" "--gtest_also_run_disabled_tests"
Directory: D:/DEV/framework/build/tests
"ApplicationIntegrationTest.RunsAndReturnsApplicationExitCode" start time: Aug 25 22:06 SE Asia Standard Time
Output:
----------------------------------------------------------
Running main() from D:\DEV\framework\build\_deps\googletest-src\googletest\src\gtest_main.cc
Note: Google Test filter = ApplicationIntegrationTest.RunsAndReturnsApplicationExitCode
[==========] Running 1 test from 1 test suite.
[----------] Global test environment set-up.
[----------] 1 test from ApplicationIntegrationTest
[ RUN      ] ApplicationIntegrationTest.RunsAndReturnsApplicationExitCode
[2026-08-25 22:06:19] [Info] [Runtime] Runtime initialized
[2026-08-25 22:06:19] [Info] [Runtime] Runtime started
[2026-08-25 22:06:19] [Info] [Runtime] Runtime stopped
[       OK ] ApplicationIntegrationTest.RunsAndReturnsApplicationExitCode (0 ms)
[----------] 1 test from ApplicationIntegrationTest (0 ms total)

[----------] Global test environment tear-down
[==========] 1 test from 1 test suite ran. (0 ms total)
[  PASSED  ] 1 test.
<end of output>
Test time =   0.02 sec
----------------------------------------------------------
Test Passed.
"ApplicationIntegrationTest.RunsAndReturnsApplicationExitCode" end time: Aug 25 22:06 SE Asia Standard Time
"ApplicationIntegrationTest.RunsAndReturnsApplicationExitCode" time elapsed: 00:00:00
----------------------------------------------------------

31/33 Testing: ApplicationIntegrationTest.PropagatesConfigureFailure
31/33 Test: ApplicationIntegrationTest.PropagatesConfigureFailure
Command: "D:/DEV/framework/build/tests/Debug/framework_core_tests.exe" "--gtest_filter=ApplicationIntegrationTest.PropagatesConfigureFailure" "--gtest_also_run_disabled_tests"
Directory: D:/DEV/framework/build/tests
"ApplicationIntegrationTest.PropagatesConfigureFailure" start time: Aug 25 22:06 SE Asia Standard Time
Output:
----------------------------------------------------------
Running main() from D:\DEV\framework\build\_deps\googletest-src\googletest\src\gtest_main.cc
Note: Google Test filter = ApplicationIntegrationTest.PropagatesConfigureFailure
[==========] Running 1 test from 1 test suite.
[----------] Global test environment set-up.
[----------] 1 test from ApplicationIntegrationTest
[ RUN      ] ApplicationIntegrationTest.PropagatesConfigureFailure
[       OK ] ApplicationIntegrationTest.PropagatesConfigureFailure (0 ms)
[----------] 1 test from ApplicationIntegrationTest (0 ms total)

[----------] Global test environment tear-down
[==========] 1 test from 1 test suite ran. (0 ms total)
[  PASSED  ] 1 test.
<end of output>
Test time =   0.02 sec
----------------------------------------------------------
Test Passed.
"ApplicationIntegrationTest.PropagatesConfigureFailure" end time: Aug 25 22:06 SE Asia Standard Time
"ApplicationIntegrationTest.PropagatesConfigureFailure" time elapsed: 00:00:00
----------------------------------------------------------

32/33 Testing: ResultStressTest.RepeatedValueAndErrorConstruction
32/33 Test: ResultStressTest.RepeatedValueAndErrorConstruction
Command: "D:/DEV/framework/build/tests/Debug/framework_core_tests.exe" "--gtest_filter=ResultStressTest.RepeatedValueAndErrorConstruction" "--gtest_also_run_disabled_tests"
Directory: D:/DEV/framework/build/tests
"ResultStressTest.RepeatedValueAndErrorConstruction" start time: Aug 25 22:06 SE Asia Standard Time
Output:
----------------------------------------------------------
Running main() from D:\DEV\framework\build\_deps\googletest-src\googletest\src\gtest_main.cc
Note: Google Test filter = ResultStressTest.RepeatedValueAndErrorConstruction
[==========] Running 1 test from 1 test suite.
[----------] Global test environment set-up.
[----------] 1 test from ResultStressTest
[ RUN      ] ResultStressTest.RepeatedValueAndErrorConstruction
[       OK ] ResultStressTest.RepeatedValueAndErrorConstruction (21 ms)
[----------] 1 test from ResultStressTest (21 ms total)

[----------] Global test environment tear-down
[==========] 1 test from 1 test suite ran. (22 ms total)
[  PASSED  ] 1 test.
<end of output>
Test time =   0.04 sec
----------------------------------------------------------
Test Passed.
"ResultStressTest.RepeatedValueAndErrorConstruction" end time: Aug 25 22:06 SE Asia Standard Time
"ResultStressTest.RepeatedValueAndErrorConstruction" time elapsed: 00:00:00
----------------------------------------------------------

33/33 Testing: CoreSystemTest.CoreHeadersAreUsableTogether
33/33 Test: CoreSystemTest.CoreHeadersAreUsableTogether
Command: "D:/DEV/framework/build/tests/Debug/framework_core_tests.exe" "--gtest_filter=CoreSystemTest.CoreHeadersAreUsableTogether" "--gtest_also_run_disabled_tests"
Directory: D:/DEV/framework/build/tests
"CoreSystemTest.CoreHeadersAreUsableTogether" start time: Aug 25 22:06 SE Asia Standard Time
Output:
----------------------------------------------------------
Running main() from D:\DEV\framework\build\_deps\googletest-src\googletest\src\gtest_main.cc
Note: Google Test filter = CoreSystemTest.CoreHeadersAreUsableTogether
[==========] Running 1 test from 1 test suite.
[----------] Global test environment set-up.
[----------] 1 test from CoreSystemTest
[ RUN      ] CoreSystemTest.CoreHeadersAreUsableTogether
[       OK ] CoreSystemTest.CoreHeadersAreUsableTogether (0 ms)
[----------] 1 test from CoreSystemTest (0 ms total)

[----------] Global test environment tear-down
[==========] 1 test from 1 test suite ran. (0 ms total)
[  PASSED  ] 1 test.
<end of output>
Test time =   0.02 sec
----------------------------------------------------------
Test Passed.
"CoreSystemTest.CoreHeadersAreUsableTogether" end time: Aug 25 22:06 SE Asia Standard Time
"CoreSystemTest.CoreHeadersAreUsableTogether" time elapsed: 00:00:00
----------------------------------------------------------

End testing: Aug 25 22:06 SE Asia Standard Time
